<?xml version="1.0" encoding="UTF-8"?>
<!-- Generated by org.testng.reporters.JUnitXMLReporter -->
<testsuite ignored="0" hostname="DESKTOP-H9IUE0E" failures="0" tests="4" name="RightDouble_click" time="40.053" errors="0" timestamp="18 Feb 2023 14:39:22 GMT">
  <testcase classname="testingbaba_tests.Buttons_Tests" name="elementbutton" time="0.13"/>
  <testcase classname="testingbaba_tests.Buttons_Tests" name="button" time="0.221"/>
  <testcase classname="testingbaba_tests.Buttons_Tests" name="double_single_click" time="0.617"/>
  <testcase classname="testingbaba_tests.Buttons_Tests" name="single_click" time="0.16"/>
</testsuite> <!-- RightDouble_click -->
