<?xml version="1.0" encoding="UTF-8"?>
<testng-results ignored="0" total="1" passed="1" failed="0" skipped="0">
  <reporter-output>
  </reporter-output>
  <suite started-at="2023-03-08T18:48:08Z" name="Default suite" finished-at="2023-03-08T18:48:49Z" duration-ms="41093">
    <groups>
    </groups>
    <test started-at="2023-03-08T18:48:08Z" name="Default test" finished-at="2023-03-08T18:48:49Z" duration-ms="41093">
      <class name="testingbaba_tests.UploadDownload_Tests">
        <test-method is-config="true" signature="launchChrome()[pri:0, instance:testingbaba_tests.UploadDownload_Tests@7fb95505]" started-at="2023-03-08T18:48:08Z" name="launchChrome" finished-at="2023-03-08T18:48:44Z" duration-ms="35949" status="PASS">
          <reporter-output>
          </reporter-output>
        </test-method> <!-- launchChrome -->
        <test-method signature="ClickElementButton()[pri:0, instance:testingbaba_tests.UploadDownload_Tests@7fb95505]" started-at="2023-03-08T18:48:44Z" name="ClickElementButton" finished-at="2023-03-08T18:48:49Z" duration-ms="4675" status="PASS">
          <reporter-output>
          </reporter-output>
        </test-method> <!-- ClickElementButton -->
        <test-method is-config="true" signature="quit()[pri:0, instance:testingbaba_tests.UploadDownload_Tests@7fb95505]" started-at="2023-03-08T18:48:49Z" name="quit" finished-at="2023-03-08T18:48:49Z" duration-ms="402" status="PASS">
          <reporter-output>
          </reporter-output>
        </test-method> <!-- quit -->
      </class> <!-- testingbaba_tests.UploadDownload_Tests -->
    </test> <!-- Default test -->
  </suite> <!-- Default suite -->
</testng-results>
