<?xml version="1.0" encoding="UTF-8"?>
<testng-results ignored="0" total="1" passed="1" failed="0" skipped="0">
  <reporter-output>
  </reporter-output>
  <suite started-at="2023-02-18T15:36:21Z" name="Default suite" finished-at="2023-02-18T15:37:18Z" duration-ms="56262">
    <groups>
    </groups>
    <test started-at="2023-02-18T15:36:21Z" name="Default test" finished-at="2023-02-18T15:37:18Z" duration-ms="56262">
      <class name="testingbaba_tests.Buttons_Tests">
        <test-method is-config="true" signature="LaunchChrome()[pri:0, instance:testingbaba_tests.Buttons_Tests@524f3b3a]" started-at="2023-02-18T15:36:21Z" name="LaunchChrome" finished-at="2023-02-18T15:36:37Z" duration-ms="15088" status="PASS">
          <reporter-output>
          </reporter-output>
        </test-method> <!-- LaunchChrome -->
        <test-method signature="elementbutton()[pri:0, instance:testingbaba_tests.Buttons_Tests@524f3b3a]" started-at="2023-02-18T15:36:37Z" name="elementbutton" finished-at="2023-02-18T15:37:17Z" duration-ms="40669" status="PASS">
          <reporter-output>
          </reporter-output>
        </test-method> <!-- elementbutton -->
        <test-method is-config="true" signature="Quit()[pri:0, instance:testingbaba_tests.Buttons_Tests@524f3b3a]" started-at="2023-02-18T15:37:17Z" name="Quit" finished-at="2023-02-18T15:37:18Z" duration-ms="435" status="PASS">
          <reporter-output>
          </reporter-output>
        </test-method> <!-- Quit -->
      </class> <!-- testingbaba_tests.Buttons_Tests -->
    </test> <!-- Default test -->
  </suite> <!-- Default suite -->
</testng-results>
